  ui.cpp
C:\Users\Руслан\source\repos\kurs\kurs\ui.cpp(18,13): warning C4566: символ, представленный универсальным именем символа "\u2554", невозможно представить в текущей кодовой странице (1251)
C:\Users\Руслан\source\repos\kurs\kurs\ui.cpp(18,13): warning C4566: символ, представленный универсальным именем символа "\u2550", невозможно представить в текущей кодовой странице (1251)
C:\Users\Руслан\source\repos\kurs\kurs\ui.cpp(18,13): warning C4566: символ, представленный универсальным именем символа "\u2557", невозможно представить в текущей кодовой странице (1251)
C:\Users\Руслан\source\repos\kurs\kurs\ui.cpp(19,1): warning C4566: символ, представленный универсальным именем символа "\u2551", невозможно представить в текущей кодовой странице (1251)
C:\Users\Руслан\source\repos\kurs\kurs\ui.cpp(20,1): warning C4566: символ, представленный универсальным именем символа "\u2551", невозможно представить в текущей кодовой странице (1251)
C:\Users\Руслан\source\repos\kurs\kurs\ui.cpp(21,1): warning C4566: символ, представленный универсальным именем символа "\u2551", невозможно представить в текущей кодовой странице (1251)
C:\Users\Руслан\source\repos\kurs\kurs\ui.cpp(22,1): warning C4566: символ, представленный универсальным именем символа "\u2551", невозможно представить в текущей кодовой странице (1251)
C:\Users\Руслан\source\repos\kurs\kurs\ui.cpp(23,1): warning C4566: символ, представленный универсальным именем символа "\u2551", невозможно представить в текущей кодовой странице (1251)
C:\Users\Руслан\source\repos\kurs\kurs\ui.cpp(24,1): warning C4566: символ, представленный универсальным именем символа "\u2551", невозможно представить в текущей кодовой странице (1251)
C:\Users\Руслан\source\repos\kurs\kurs\ui.cpp(25,1): warning C4566: символ, представленный универсальным именем символа "\u2551", невозможно представить в текущей кодовой странице (1251)
C:\Users\Руслан\source\repos\kurs\kurs\ui.cpp(26,1): warning C4566: символ, представленный универсальным именем символа "\u2551", невозможно представить в текущей кодовой странице (1251)
C:\Users\Руслан\source\repos\kurs\kurs\ui.cpp(27,1): warning C4566: символ, представленный универсальным именем символа "\u2551", невозможно представить в текущей кодовой странице (1251)
C:\Users\Руслан\source\repos\kurs\kurs\ui.cpp(28,1): warning C4566: символ, представленный универсальным именем символа "\u2551", невозможно представить в текущей кодовой странице (1251)
C:\Users\Руслан\source\repos\kurs\kurs\ui.cpp(29,1): warning C4566: символ, представленный универсальным именем символа "\u2551", невозможно представить в текущей кодовой странице (1251)
C:\Users\Руслан\source\repos\kurs\kurs\ui.cpp(30,1): warning C4566: символ, представленный универсальным именем символа "\u2551", невозможно представить в текущей кодовой странице (1251)
C:\Users\Руслан\source\repos\kurs\kurs\ui.cpp(31,1): warning C4566: символ, представленный универсальным именем символа "\u255A", невозможно представить в текущей кодовой странице (1251)
C:\Users\Руслан\source\repos\kurs\kurs\ui.cpp(31,1): warning C4566: символ, представленный универсальным именем символа "\u2550", невозможно представить в текущей кодовой странице (1251)
C:\Users\Руслан\source\repos\kurs\kurs\ui.cpp(31,1): warning C4566: символ, представленный универсальным именем символа "\u255D", невозможно представить в текущей кодовой странице (1251)
  kurs.vcxproj -> C:\Users\Руслан\source\repos\kurs\x64\Debug\kurs.exe
